Using pre-set license
Built from '2020.2/staging' branch; Version is '2020.2.6f1 (8a2143876886) revision 9052483'; Using compiler version '192528614'; Build Type 'Release'
OS: 'Windows 10 Pro; OS build 19042.1348; Version 2009; 64bit' Language: 'de' Physical Memory: 8127 MB
BatchMode: 1, IsHumanControllingUs: 0, StartBugReporterOnCrash: 0, Is64bit: 1, IsPro: 0

 COMMAND LINE ARGUMENTS:
C:\Program Files\Unity\Editor\Unity.exe
-adb2
-batchMode
-noUpm
-name
AssetImportWorker0
-projectPath
C:/Users/david/OneDrive/Desktop/Blender/2d/sketchGame/New Unity Project
-logFile
Logs/AssetImportWorker0.log
-srvPort
54695
Successfully changed project path to: C:/Users/david/OneDrive/Desktop/Blender/2d/sketchGame/New Unity Project
C:/Users/david/OneDrive/Desktop/Blender/2d/sketchGame/New Unity Project
Using Asset Import Pipeline V2.
Refreshing native plugins compatible for Editor in 68.08 ms, found 1 plugins.
Preloading 0 native plugins for Editor in 0.00 ms.
Initialize engine version: 2020.2.6f1 (8a2143876886)
[Subsystems] Discovering subsystems at path C:/Program Files/Unity/Editor/Data/Resources/UnitySubsystems
[Subsystems] Discovering subsystems at path C:/Users/david/OneDrive/Desktop/Blender/2d/sketchGame/New Unity Project/Assets
GfxDevice: creating device client; threaded=0
Direct3D:
    Version:  Direct3D 11.0 [level 11.1]
    Renderer: NVIDIA GeForce GTX 1050 Ti (ID=0x1c82)
    Vendor:   
    VRAM:     4018 MB
    Driver:   30.0.14.7168
Initialize mono
Mono path[0] = 'C:/Program Files/Unity/Editor/Data/Managed'
Mono path[1] = 'C:/Program Files/Unity/Editor/Data/MonoBleedingEdge/lib/mono/unityjit'
Mono config path = 'C:/Program Files/Unity/Editor/Data/MonoBleedingEdge/etc'
Using monoOptions --debugger-agent=transport=dt_socket,embedding=1,server=y,suspend=n,address=127.0.0.1:56536
Begin MonoManager ReloadAssembly
Registering precompiled unity dll's ...
Register platform support module: C:/Program Files/Unity/Editor/Data/PlaybackEngines/WebGLSupport/UnityEditor.WebGL.Extensions.dll
Register platform support module: C:/Program Files/Unity/Editor/Data/PlaybackEngines/WindowsStandaloneSupport/UnityEditor.WindowsStandalone.Extensions.dll
Registered in 0.004802 seconds.
Native extension for WindowsStandalone target not found
Native extension for WebGL target not found
Refreshing native plugins compatible for Editor in 83.19 ms, found 1 plugins.
Preloading 0 native plugins for Editor in 0.00 ms.
Invoked RoslynAnalysisRunner static constructor.
RoslynAnalysisRunner will not be running.
RoslynAnalysisRunner has terminated.
Mono: successfully reloaded assembly
- Completed reload, in  1.687 seconds
Platform modules already initialized, skipping
Registering precompiled user dll's ...
Registered in 0.002648 seconds.
Begin MonoManager ReloadAssembly
Native extension for WindowsStandalone target not found
Native extension for WebGL target not found
Refreshing native plugins compatible for Editor in 69.87 ms, found 1 plugins.
Preloading 0 native plugins for Editor in 0.00 ms.
Invoked RoslynAnalysisRunner static constructor.
RoslynAnalysisRunner will not be running.
RoslynAnalysisRunner has terminated.
Mono: successfully reloaded assembly
- Completed reload, in  1.535 seconds
Platform modules already initialized, skipping
========================================================================
Worker process is ready to serve import requests
Launched and connected shader compiler UnityShaderCompiler.exe after 0.09 seconds
Refreshing native plugins compatible for Editor in 0.70 ms, found 1 plugins.
Preloading 0 native plugins for Editor in 0.00 ms.
Unloading 2164 Unused Serialized files (Serialized files now loaded: 0)
System memory in use before: 110.3 MB.
System memory in use after: 110.3 MB.

Unloading 25 unused Assets to reduce memory usage. Loaded Objects now: 2628.
Total: 4.275300 ms (FindLiveObjects: 0.577000 ms CreateObjectMapping: 0.291700 ms MarkObjects: 3.204100 ms  DeleteObjects: 0.200900 ms)

========================================================================
Received Import Request.
  path: Assets/Scripts/PlayerCharacter/PlayerAttackManager.cs
  artifactKey: Guid(ff88a045f8225684184d9fb104f66386) Importer(815301076,1909f56bfc062723c751e8b465ee728b)
Start importing Assets/Scripts/PlayerCharacter/PlayerAttackManager.cs using Guid(ff88a045f8225684184d9fb104f66386) Importer(815301076,1909f56bfc062723c751e8b465ee728b)  -> (artifact id: '97114201d8f633ec37e93aaa97db279f') in 0.058493 seconds
  Import took 0.065387 seconds .

========================================================================
Received Prepare
Registering precompiled user dll's ...
Registered in 0.001634 seconds.
Begin MonoManager ReloadAssembly
Native extension for WindowsStandalone target not found
Native extension for WebGL target not found
Refreshing native plugins compatible for Editor in 0.55 ms, found 1 plugins.
Preloading 0 native plugins for Editor in 0.00 ms.
Invoked RoslynAnalysisRunner static constructor.
RoslynAnalysisRunner will not be running.
RoslynAnalysisRunner has terminated.
Mono: successfully reloaded assembly
- Completed reload, in  1.241 seconds
Platform modules already initialized, skipping
Refreshing native plugins compatible for Editor in 0.52 ms, found 1 plugins.
Preloading 0 native plugins for Editor in 0.00 ms.
Unloading 2146 Unused Serialized files (Serialized files now loaded: 0)
System memory in use before: 109.4 MB.
System memory in use after: 109.4 MB.

Unloading 12 unused Assets to reduce memory usage. Loaded Objects now: 2631.
Total: 2.721200 ms (FindLiveObjects: 0.245600 ms CreateObjectMapping: 0.104600 ms MarkObjects: 2.218900 ms  DeleteObjects: 0.150400 ms)

========================================================================
Received Import Request.
  Time since last request: 161.103965 seconds.
  path: Assets/Scripts/Level/PowerUps/AttackPowerUp.cs
  artifactKey: Guid(83878bb14ed929648832e267e383bbfe) Importer(815301076,1909f56bfc062723c751e8b465ee728b)
Start importing Assets/Scripts/Level/PowerUps/AttackPowerUp.cs using Guid(83878bb14ed929648832e267e383bbfe) Importer(815301076,1909f56bfc062723c751e8b465ee728b)  -> (artifact id: '71203c0b050bd959f14efa2caa3a1478') in 0.017078 seconds
  Import took 0.023380 seconds .

========================================================================
Received Import Request.
  Time since last request: 0.752457 seconds.
  path: Assets/Scripts/Level/PowerUps/HealthPowerUp.cs
  artifactKey: Guid(d6df9c64d1aa4dd4a81eb0b41e6bd4f2) Importer(815301076,1909f56bfc062723c751e8b465ee728b)
Start importing Assets/Scripts/Level/PowerUps/HealthPowerUp.cs using Guid(d6df9c64d1aa4dd4a81eb0b41e6bd4f2) Importer(815301076,1909f56bfc062723c751e8b465ee728b)  -> (artifact id: 'c55fb1af0776b8c0cc04b498d6d6326b') in 0.010449 seconds
  Import took 0.017440 seconds .

========================================================================
Received Prepare
Registering precompiled user dll's ...
Registered in 0.002026 seconds.
Begin MonoManager ReloadAssembly
Native extension for WindowsStandalone target not found
Native extension for WebGL target not found
Refreshing native plugins compatible for Editor in 0.56 ms, found 1 plugins.
Preloading 0 native plugins for Editor in 0.00 ms.
Invoked RoslynAnalysisRunner static constructor.
RoslynAnalysisRunner will not be running.
RoslynAnalysisRunner has terminated.
Mono: successfully reloaded assembly
- Completed reload, in  1.228 seconds
Platform modules already initialized, skipping
Refreshing native plugins compatible for Editor in 0.54 ms, found 1 plugins.
Preloading 0 native plugins for Editor in 0.00 ms.
Unloading 2146 Unused Serialized files (Serialized files now loaded: 0)
System memory in use before: 109.5 MB.
System memory in use after: 109.5 MB.

Unloading 12 unused Assets to reduce memory usage. Loaded Objects now: 2634.
Total: 3.031400 ms (FindLiveObjects: 0.378700 ms CreateObjectMapping: 0.198600 ms MarkObjects: 2.307000 ms  DeleteObjects: 0.144500 ms)

========================================================================
Received Prepare
Refreshing native plugins compatible for Editor in 3.06 ms, found 1 plugins.
Preloading 0 native plugins for Editor in 0.00 ms.
Unloading 10 Unused Serialized files (Serialized files now loaded: 0)
System memory in use before: 67.3 MB.
System memory in use after: 67.3 MB.

Unloading 10 unused Assets to reduce memory usage. Loaded Objects now: 2634.
Total: 2.888900 ms (FindLiveObjects: 0.386400 ms CreateObjectMapping: 0.120100 ms MarkObjects: 2.224400 ms  DeleteObjects: 0.155600 ms)

========================================================================
Received Import Request.
  Time since last request: 758.785773 seconds.
  path: Assets/Scenes/LevelOne.unity
  artifactKey: Guid(d3c451122fd7f4347b41d400079c8145) Importer(815301076,1909f56bfc062723c751e8b465ee728b)
Start importing Assets/Scenes/LevelOne.unity using Guid(d3c451122fd7f4347b41d400079c8145) Importer(815301076,1909f56bfc062723c751e8b465ee728b)  -> (artifact id: '20ce7dfccecfd0d761adeadaa606761c') in 0.054330 seconds
  Import took 0.216459 seconds .

========================================================================
Received Import Request.
  Time since last request: 123.513705 seconds.
  path: Assets/Scenes/MainMenu.unity
  artifactKey: Guid(7ecb43f7538e34d48a23eb10897bf07e) Importer(815301076,1909f56bfc062723c751e8b465ee728b)
Start importing Assets/Scenes/MainMenu.unity using Guid(7ecb43f7538e34d48a23eb10897bf07e) Importer(815301076,1909f56bfc062723c751e8b465ee728b)  -> (artifact id: '8e7eff30dfe0e635096f451c3bdb0ea5') in 0.012511 seconds
  Import took 0.019507 seconds .

========================================================================
Received Prepare
Registering precompiled user dll's ...
Registered in 0.002287 seconds.
Begin MonoManager ReloadAssembly
Native extension for WindowsStandalone target not found
Native extension for WebGL target not found
Refreshing native plugins compatible for Editor in 0.58 ms, found 1 plugins.
Preloading 0 native plugins for Editor in 0.00 ms.
Invoked RoslynAnalysisRunner static constructor.
RoslynAnalysisRunner will not be running.
RoslynAnalysisRunner has terminated.
Mono: successfully reloaded assembly
- Completed reload, in  1.380 seconds
Platform modules already initialized, skipping
Refreshing native plugins compatible for Editor in 0.56 ms, found 1 plugins.
Preloading 0 native plugins for Editor in 0.00 ms.
Unloading 2146 Unused Serialized files (Serialized files now loaded: 0)
System memory in use before: 109.5 MB.
System memory in use after: 109.5 MB.

Unloading 12 unused Assets to reduce memory usage. Loaded Objects now: 2637.
Total: 3.720500 ms (FindLiveObjects: 0.527200 ms CreateObjectMapping: 0.246800 ms MarkObjects: 2.767900 ms  DeleteObjects: 0.176300 ms)

========================================================================
Received Prepare
Refreshing native plugins compatible for Editor in 3.51 ms, found 1 plugins.
Preloading 0 native plugins for Editor in 0.00 ms.
Unloading 10 Unused Serialized files (Serialized files now loaded: 0)
System memory in use before: 67.3 MB.
System memory in use after: 67.3 MB.

Unloading 10 unused Assets to reduce memory usage. Loaded Objects now: 2637.
Total: 32.747400 ms (FindLiveObjects: 0.611200 ms CreateObjectMapping: 0.084200 ms MarkObjects: 31.884300 ms  DeleteObjects: 0.165100 ms)

========================================================================
Received Prepare
Registering precompiled user dll's ...
Registered in 0.005365 seconds.
Begin MonoManager ReloadAssembly
Native extension for WindowsStandalone target not found
Native extension for WebGL target not found
Refreshing native plugins compatible for Editor in 0.88 ms, found 1 plugins.
Preloading 0 native plugins for Editor in 0.00 ms.
Invoked RoslynAnalysisRunner static constructor.
RoslynAnalysisRunner will not be running.
RoslynAnalysisRunner has terminated.
Mono: successfully reloaded assembly
- Completed reload, in  2.312 seconds
Platform modules already initialized, skipping
Refreshing native plugins compatible for Editor in 0.54 ms, found 1 plugins.
Preloading 0 native plugins for Editor in 0.00 ms.
Unloading 2146 Unused Serialized files (Serialized files now loaded: 0)
System memory in use before: 109.5 MB.
System memory in use after: 109.5 MB.

Unloading 12 unused Assets to reduce memory usage. Loaded Objects now: 2640.
Total: 4.391400 ms (FindLiveObjects: 0.452500 ms CreateObjectMapping: 0.257900 ms MarkObjects: 3.318400 ms  DeleteObjects: 0.359800 ms)

========================================================================
Received Prepare
Registering precompiled user dll's ...
Registered in 0.002109 seconds.
Begin MonoManager ReloadAssembly
Native extension for WindowsStandalone target not found
Native extension for WebGL target not found
Refreshing native plugins compatible for Editor in 0.80 ms, found 1 plugins.
Preloading 0 native plugins for Editor in 0.00 ms.
Invoked RoslynAnalysisRunner static constructor.
RoslynAnalysisRunner will not be running.
RoslynAnalysisRunner has terminated.
Mono: successfully reloaded assembly
- Completed reload, in  1.587 seconds
Platform modules already initialized, skipping
Refreshing native plugins compatible for Editor in 0.93 ms, found 1 plugins.
Preloading 0 native plugins for Editor in 0.00 ms.
Unloading 2146 Unused Serialized files (Serialized files now loaded: 0)
System memory in use before: 109.5 MB.
System memory in use after: 109.5 MB.

Unloading 12 unused Assets to reduce memory usage. Loaded Objects now: 2643.
Total: 3.020700 ms (FindLiveObjects: 0.224900 ms CreateObjectMapping: 0.091300 ms MarkObjects: 2.542900 ms  DeleteObjects: 0.159600 ms)

========================================================================
Received Prepare
Registering precompiled user dll's ...
Registered in 0.002134 seconds.
Begin MonoManager ReloadAssembly
Native extension for WindowsStandalone target not found
Native extension for WebGL target not found
Refreshing native plugins compatible for Editor in 0.60 ms, found 1 plugins.
Preloading 0 native plugins for Editor in 0.00 ms.
Invoked RoslynAnalysisRunner static constructor.
RoslynAnalysisRunner will not be running.
RoslynAnalysisRunner has terminated.
Mono: successfully reloaded assembly
- Completed reload, in  1.432 seconds
Platform modules already initialized, skipping
Refreshing native plugins compatible for Editor in 0.88 ms, found 1 plugins.
Preloading 0 native plugins for Editor in 0.00 ms.
Unloading 2146 Unused Serialized files (Serialized files now loaded: 0)
System memory in use before: 109.6 MB.
System memory in use after: 109.6 MB.

Unloading 12 unused Assets to reduce memory usage. Loaded Objects now: 2646.
Total: 3.393500 ms (FindLiveObjects: 0.508800 ms CreateObjectMapping: 0.214500 ms MarkObjects: 2.503100 ms  DeleteObjects: 0.165500 ms)

========================================================================
Received Import Request.
  Time since last request: 9435.134890 seconds.
  path: Assets/Prefabs/Enemys and Player/CrossBowEnemy.prefab
  artifactKey: Guid(20cdf827881922e4da39d5f0742b6a18) Importer(815301076,1909f56bfc062723c751e8b465ee728b)
Start importing Assets/Prefabs/Enemys and Player/CrossBowEnemy.prefab using Guid(20cdf827881922e4da39d5f0742b6a18) Importer(815301076,1909f56bfc062723c751e8b465ee728b)  -> (artifact id: '0b24f57a3c765e69750cea23ed9b2585') in 0.298694 seconds
  Import took 0.308406 seconds .

========================================================================
Received Import Request.
  Time since last request: 20.903929 seconds.
  path: Assets/Prefabs/Projectiles/Arrow(Enemy).prefab
  artifactKey: Guid(4bbcb0c5ba555794bb4e81ed4ca58998) Importer(815301076,1909f56bfc062723c751e8b465ee728b)
Start importing Assets/Prefabs/Projectiles/Arrow(Enemy).prefab using Guid(4bbcb0c5ba555794bb4e81ed4ca58998) Importer(815301076,1909f56bfc062723c751e8b465ee728b)  -> (artifact id: '10e3c557354fc9b783e501aa967fe7e8') in 0.039556 seconds
  Import took 0.046180 seconds .

========================================================================
Received Import Request.
  Time since last request: 0.001338 seconds.
  path: Assets/Prefabs/Projectiles/Arrow(Enemy).prefab
  artifactKey: Guid(4bbcb0c5ba555794bb4e81ed4ca58998) Importer(815301076,1909f56bfc062723c751e8b465ee728b)
Start importing Assets/Prefabs/Projectiles/Arrow(Enemy).prefab using Guid(4bbcb0c5ba555794bb4e81ed4ca58998) Importer(815301076,1909f56bfc062723c751e8b465ee728b)  -> (artifact id: '10e3c557354fc9b783e501aa967fe7e8') in 0.034717 seconds
  Import took 0.043412 seconds .

========================================================================
Received Import Request.
  Time since last request: 35.611988 seconds.
  path: Assets/Prefabs/Enemys and Player/CrossBowEnemy.prefab
  artifactKey: Guid(20cdf827881922e4da39d5f0742b6a18) Importer(815301076,1909f56bfc062723c751e8b465ee728b)
Start importing Assets/Prefabs/Enemys and Player/CrossBowEnemy.prefab using Guid(20cdf827881922e4da39d5f0742b6a18) Importer(815301076,1909f56bfc062723c751e8b465ee728b)  -> (artifact id: 'fc65df5ea61bf4130d741aa80f8a07a6') in 0.025735 seconds
  Import took 0.033217 seconds .

========================================================================
Received Import Request.
  Time since last request: 0.016252 seconds.
  path: Assets/Prefabs/Enemys and Player/CrossBowEnemy.prefab
  artifactKey: Guid(20cdf827881922e4da39d5f0742b6a18) Importer(815301076,1909f56bfc062723c751e8b465ee728b)
Start importing Assets/Prefabs/Enemys and Player/CrossBowEnemy.prefab using Guid(20cdf827881922e4da39d5f0742b6a18) Importer(815301076,1909f56bfc062723c751e8b465ee728b)  -> (artifact id: 'fc65df5ea61bf4130d741aa80f8a07a6') in 0.023692 seconds
  Import took 0.029687 seconds .

========================================================================
Received Prepare
Registering precompiled user dll's ...
Registered in 0.002025 seconds.
Begin MonoManager ReloadAssembly
Native extension for WindowsStandalone target not found
Native extension for WebGL target not found
Refreshing native plugins compatible for Editor in 0.58 ms, found 1 plugins.
Preloading 0 native plugins for Editor in 0.00 ms.
Invoked RoslynAnalysisRunner static constructor.
RoslynAnalysisRunner will not be running.
RoslynAnalysisRunner has terminated.
Mono: successfully reloaded assembly
- Completed reload, in  1.654 seconds
Platform modules already initialized, skipping
Refreshing native plugins compatible for Editor in 0.66 ms, found 1 plugins.
Preloading 0 native plugins for Editor in 0.00 ms.
Unloading 2146 Unused Serialized files (Serialized files now loaded: 0)
System memory in use before: 112.7 MB.
System memory in use after: 112.7 MB.

Unloading 12 unused Assets to reduce memory usage. Loaded Objects now: 2656.
Total: 2.987900 ms (FindLiveObjects: 0.231200 ms CreateObjectMapping: 0.086800 ms MarkObjects: 2.527600 ms  DeleteObjects: 0.140500 ms)

========================================================================
Received Prepare
Registering precompiled user dll's ...
Registered in 0.002233 seconds.
Begin MonoManager ReloadAssembly
Native extension for WindowsStandalone target not found
Native extension for WebGL target not found
Refreshing native plugins compatible for Editor in 0.66 ms, found 1 plugins.
Preloading 0 native plugins for Editor in 0.00 ms.
Invoked RoslynAnalysisRunner static constructor.
RoslynAnalysisRunner will not be running.
RoslynAnalysisRunner has terminated.
Mono: successfully reloaded assembly
- Completed reload, in  1.589 seconds
Platform modules already initialized, skipping
Refreshing native plugins compatible for Editor in 0.71 ms, found 1 plugins.
Preloading 0 native plugins for Editor in 0.00 ms.
Unloading 2146 Unused Serialized files (Serialized files now loaded: 0)
System memory in use before: 112.7 MB.
System memory in use after: 112.7 MB.

Unloading 12 unused Assets to reduce memory usage. Loaded Objects now: 2659.
Total: 3.410900 ms (FindLiveObjects: 0.624900 ms CreateObjectMapping: 0.261100 ms MarkObjects: 2.370700 ms  DeleteObjects: 0.152100 ms)

========================================================================
Received Import Request.
  Time since last request: 100.593933 seconds.
  path: Assets/Scripts/AI/Pathfinding/Agent.cs
  artifactKey: Guid(9b2489f18af8b264c82e36ed57cf6db9) Importer(815301076,1909f56bfc062723c751e8b465ee728b)
Start importing Assets/Scripts/AI/Pathfinding/Agent.cs using Guid(9b2489f18af8b264c82e36ed57cf6db9) Importer(815301076,1909f56bfc062723c751e8b465ee728b)  -> (artifact id: '4cbd888eb2e38d6a6575a7eca90c2b8f') in 0.015360 seconds
  Import took 0.023157 seconds .

========================================================================
Received Prepare
Registering precompiled user dll's ...
Registered in 0.003341 seconds.
Begin MonoManager ReloadAssembly
Native extension for WindowsStandalone target not found
Native extension for WebGL target not found
Refreshing native plugins compatible for Editor in 0.88 ms, found 1 plugins.
Preloading 0 native plugins for Editor in 0.00 ms.
Invoked RoslynAnalysisRunner static constructor.
RoslynAnalysisRunner will not be running.
RoslynAnalysisRunner has terminated.
Mono: successfully reloaded assembly
- Completed reload, in  1.838 seconds
Platform modules already initialized, skipping
Refreshing native plugins compatible for Editor in 1.86 ms, found 1 plugins.
Preloading 0 native plugins for Editor in 0.00 ms.
Unloading 2146 Unused Serialized files (Serialized files now loaded: 0)
System memory in use before: 112.8 MB.
System memory in use after: 112.7 MB.

Unloading 12 unused Assets to reduce memory usage. Loaded Objects now: 2662.
Total: 8.496300 ms (FindLiveObjects: 1.604200 ms CreateObjectMapping: 0.193700 ms MarkObjects: 5.418000 ms  DeleteObjects: 1.277600 ms)

========================================================================
Received Prepare
Registering precompiled user dll's ...
Registered in 0.001729 seconds.
Begin MonoManager ReloadAssembly
Native extension for WindowsStandalone target not found
Native extension for WebGL target not found
Refreshing native plugins compatible for Editor in 0.63 ms, found 1 plugins.
Preloading 0 native plugins for Editor in 0.00 ms.
Invoked RoslynAnalysisRunner static constructor.
RoslynAnalysisRunner will not be running.
RoslynAnalysisRunner has terminated.
Mono: successfully reloaded assembly
- Completed reload, in  1.506 seconds
Platform modules already initialized, skipping
Refreshing native plugins compatible for Editor in 0.59 ms, found 1 plugins.
Preloading 0 native plugins for Editor in 0.00 ms.
Unloading 2146 Unused Serialized files (Serialized files now loaded: 0)
System memory in use before: 112.8 MB.
System memory in use after: 112.8 MB.

Unloading 12 unused Assets to reduce memory usage. Loaded Objects now: 2665.
Total: 3.837400 ms (FindLiveObjects: 0.722100 ms CreateObjectMapping: 0.259800 ms MarkObjects: 2.677900 ms  DeleteObjects: 0.174400 ms)

========================================================================
Received Prepare
Registering precompiled user dll's ...
Registered in 0.003308 seconds.
Begin MonoManager ReloadAssembly
Native extension for WindowsStandalone target not found
Native extension for WebGL target not found
Refreshing native plugins compatible for Editor in 0.83 ms, found 1 plugins.
Preloading 0 native plugins for Editor in 0.00 ms.
Invoked RoslynAnalysisRunner static constructor.
RoslynAnalysisRunner will not be running.
RoslynAnalysisRunner has terminated.
Mono: successfully reloaded assembly
- Completed reload, in  1.581 seconds
Platform modules already initialized, skipping
Refreshing native plugins compatible for Editor in 0.61 ms, found 1 plugins.
Preloading 0 native plugins for Editor in 0.00 ms.
Unloading 2146 Unused Serialized files (Serialized files now loaded: 0)
System memory in use before: 112.8 MB.
System memory in use after: 112.8 MB.

Unloading 12 unused Assets to reduce memory usage. Loaded Objects now: 2668.
Total: 6.258600 ms (FindLiveObjects: 0.413100 ms CreateObjectMapping: 0.116500 ms MarkObjects: 5.485000 ms  DeleteObjects: 0.241400 ms)

========================================================================
Received Prepare
Registering precompiled user dll's ...
Registered in 0.001700 seconds.
Begin MonoManager ReloadAssembly
Native extension for WindowsStandalone target not found
Native extension for WebGL target not found
Refreshing native plugins compatible for Editor in 0.74 ms, found 1 plugins.
Preloading 0 native plugins for Editor in 0.00 ms.
Invoked RoslynAnalysisRunner static constructor.
RoslynAnalysisRunner will not be running.
RoslynAnalysisRunner has terminated.
Mono: successfully reloaded assembly
- Completed reload, in  1.561 seconds
Platform modules already initialized, skipping
Refreshing native plugins compatible for Editor in 0.84 ms, found 1 plugins.
Preloading 0 native plugins for Editor in 0.00 ms.
Unloading 2146 Unused Serialized files (Serialized files now loaded: 0)
System memory in use before: 112.8 MB.
System memory in use after: 112.8 MB.

Unloading 12 unused Assets to reduce memory usage. Loaded Objects now: 2671.
Total: 4.460600 ms (FindLiveObjects: 0.780900 ms CreateObjectMapping: 0.344400 ms MarkObjects: 3.150900 ms  DeleteObjects: 0.181400 ms)

========================================================================
Received Prepare
Registering precompiled user dll's ...
Registered in 0.001723 seconds.
Begin MonoManager ReloadAssembly
Native extension for WindowsStandalone target not found
Native extension for WebGL target not found
Refreshing native plugins compatible for Editor in 0.82 ms, found 1 plugins.
Preloading 0 native plugins for Editor in 0.00 ms.
Invoked RoslynAnalysisRunner static constructor.
RoslynAnalysisRunner will not be running.
RoslynAnalysisRunner has terminated.
Mono: successfully reloaded assembly
- Completed reload, in  1.476 seconds
Platform modules already initialized, skipping
Refreshing native plugins compatible for Editor in 0.76 ms, found 1 plugins.
Preloading 0 native plugins for Editor in 0.00 ms.
Unloading 2146 Unused Serialized files (Serialized files now loaded: 0)
System memory in use before: 112.8 MB.
System memory in use after: 112.8 MB.

Unloading 12 unused Assets to reduce memory usage. Loaded Objects now: 2674.
Total: 3.712900 ms (FindLiveObjects: 0.627700 ms CreateObjectMapping: 0.291600 ms MarkObjects: 2.617700 ms  DeleteObjects: 0.172900 ms)

========================================================================
Received Prepare
Registering precompiled user dll's ...
Registered in 0.002755 seconds.
Begin MonoManager ReloadAssembly
Native extension for WindowsStandalone target not found
Native extension for WebGL target not found
Refreshing native plugins compatible for Editor in 1.31 ms, found 1 plugins.
Preloading 0 native plugins for Editor in 0.00 ms.
Invoked RoslynAnalysisRunner static constructor.
RoslynAnalysisRunner will not be running.
RoslynAnalysisRunner has terminated.
Mono: successfully reloaded assembly
- Completed reload, in  1.577 seconds
Platform modules already initialized, skipping
Refreshing native plugins compatible for Editor in 0.58 ms, found 1 plugins.
Preloading 0 native plugins for Editor in 0.00 ms.
Unloading 2146 Unused Serialized files (Serialized files now loaded: 0)
System memory in use before: 112.8 MB.
System memory in use after: 112.8 MB.

Unloading 12 unused Assets to reduce memory usage. Loaded Objects now: 2677.
Total: 3.750500 ms (FindLiveObjects: 0.668700 ms CreateObjectMapping: 0.248700 ms MarkObjects: 2.665800 ms  DeleteObjects: 0.165500 ms)

========================================================================
Received Prepare
Refreshing native plugins compatible for Editor in 3.09 ms, found 1 plugins.
Preloading 0 native plugins for Editor in 0.00 ms.
Unloading 10 Unused Serialized files (Serialized files now loaded: 0)
System memory in use before: 70.6 MB.
System memory in use after: 70.6 MB.

Unloading 10 unused Assets to reduce memory usage. Loaded Objects now: 2677.
Total: 4.726000 ms (FindLiveObjects: 0.538500 ms CreateObjectMapping: 0.183700 ms MarkObjects: 3.606900 ms  DeleteObjects: 0.394600 ms)

========================================================================
Received Import Request.
  Time since last request: 706.306715 seconds.
  path: Assets/Scripts/PlayerProgressSO/DoorsContainer.asset
  artifactKey: Guid(2ba3444b78a6fae4b81f539520ddaf82) Importer(815301076,1909f56bfc062723c751e8b465ee728b)
Start importing Assets/Scripts/PlayerProgressSO/DoorsContainer.asset using Guid(2ba3444b78a6fae4b81f539520ddaf82) Importer(815301076,1909f56bfc062723c751e8b465ee728b)  -> (artifact id: 'a0c12e5de0bbba76c860bb08dd7f0528') in 0.030370 seconds
  Import took 0.038618 seconds .

========================================================================
Received Import Request.
  Time since last request: 0.001033 seconds.
  path: Assets/Scripts/PlayerProgressSO/PlayerUpgradeTester.asset
  artifactKey: Guid(63979b77f82002f44909353ff8d5996d) Importer(815301076,1909f56bfc062723c751e8b465ee728b)
Start importing Assets/Scripts/PlayerProgressSO/PlayerUpgradeTester.asset using Guid(63979b77f82002f44909353ff8d5996d) Importer(815301076,1909f56bfc062723c751e8b465ee728b)  -> (artifact id: '77f8f3a3f7ac662b898a38a4548d141d') in 0.012193 seconds
  Import took 0.019192 seconds .

========================================================================
Received Import Request.
  Time since last request: 0.000310 seconds.
  path: Assets/Scripts/PlayerProgressSO/SpawnContainer.asset
  artifactKey: Guid(424b2debb1c453240b6a84641d0f6da3) Importer(815301076,1909f56bfc062723c751e8b465ee728b)
Start importing Assets/Scripts/PlayerProgressSO/SpawnContainer.asset using Guid(424b2debb1c453240b6a84641d0f6da3) Importer(815301076,1909f56bfc062723c751e8b465ee728b)  -> (artifact id: '8df42b251640e6a83abfea14f94a63d5') in 0.010356 seconds
  Import took 0.018279 seconds .

========================================================================
Received Import Request.
  Time since last request: 1.203284 seconds.
  path: Assets/Scripts/PlayerProgressSO/DoorsContainer.asset
  artifactKey: Guid(2ba3444b78a6fae4b81f539520ddaf82) Importer(815301076,1909f56bfc062723c751e8b465ee728b)
Start importing Assets/Scripts/PlayerProgressSO/DoorsContainer.asset using Guid(2ba3444b78a6fae4b81f539520ddaf82) Importer(815301076,1909f56bfc062723c751e8b465ee728b)  -> (artifact id: 'a0c12e5de0bbba76c860bb08dd7f0528') in 0.005490 seconds
  Import took 0.010946 seconds .

AssetImportWorkerClient::OnTransportError - code=2 error=End of file
